=== DynamicWeb.Serializer Frontend Smoke Test ===
Host:       https://localhost:58217
AreaID:     3
LangPrefix: C:/Program Files/Git/en-us
SqlServer:  localhost\SQLEXPRESS
Database:   Swift-CleanDB
Auth:       Integrated Security

Found 88 active page(s) to smoke-test.

  [1] https://localhost:58217/Default.aspx?ID=1 -> 200 (2xx)
  [2] https://localhost:58217/Default.aspx?ID=2 -> 200 (2xx)
  [4] https://localhost:58217/Default.aspx?ID=4 -> 200 (2xx)
  [5] https://localhost:58217/Default.aspx?ID=5 -> 200 (2xx)
  [6] https://localhost:58217/Default.aspx?ID=6 -> 200 (2xx)
  [7] https://localhost:58217/Default.aspx?ID=7 -> 200 (2xx)
  [8] https://localhost:58217/Default.aspx?ID=8 -> 200 (2xx)
  [9] https://localhost:58217/Default.aspx?ID=9 -> 200 (2xx)
  [10] https://localhost:58217/Default.aspx?ID=10 -> 200 (2xx)
  [11] https://localhost:58217/Default.aspx?ID=11 -> 200 (2xx)
  [12] https://localhost:58217/Default.aspx?ID=12 -> 200 (2xx)
  [13] https://localhost:58217/Default.aspx?ID=13 -> 200 (2xx)
  [14] https://localhost:58217/Default.aspx?ID=14 -> 200 (2xx)
  [15] https://localhost:58217/Default.aspx?ID=15 -> 200 (2xx)
  [16] https://localhost:58217/Default.aspx?ID=16 -> 200 (2xx)
  [17] https://localhost:58217/Default.aspx?ID=17 -> 200 (2xx)
  [18] https://localhost:58217/Default.aspx?ID=18 -> 200 (2xx)
  [19] https://localhost:58217/Default.aspx?ID=19 -> 200 (2xx)
  [20] https://localhost:58217/Default.aspx?ID=20 -> 200 (2xx)
  [21] https://localhost:58217/Default.aspx?ID=21 -> 200 (2xx)
  [22] https://localhost:58217/Default.aspx?ID=22 -> 200 (2xx)
  [23] https://localhost:58217/Default.aspx?ID=23 -> 200 (2xx)
  [25] https://localhost:58217/Default.aspx?ID=25 -> 200 (2xx)
  [26] https://localhost:58217/Default.aspx?ID=26 -> 200 (2xx)
  [27] https://localhost:58217/Default.aspx?ID=27 -> 200 (2xx)
  [28] https://localhost:58217/Default.aspx?ID=28 -> 200 (2xx)
  [33] https://localhost:58217/Default.aspx?ID=33 -> 200 (2xx)
  [35] https://localhost:58217/Default.aspx?ID=35 -> 200 (2xx)
  [36] https://localhost:58217/Default.aspx?ID=36 -> 200 (2xx)
  [37] https://localhost:58217/Default.aspx?ID=37 -> 200 (2xx)
  [38] https://localhost:58217/Default.aspx?ID=38 -> 200 (2xx)
  [39] https://localhost:58217/Default.aspx?ID=39 -> 200 (2xx)
  [40] https://localhost:58217/Default.aspx?ID=40 -> 200 (2xx)
  [41] https://localhost:58217/Default.aspx?ID=41 -> 200 (2xx)
  [42] https://localhost:58217/Default.aspx?ID=42 -> 200 (2xx)
  [43] https://localhost:58217/Default.aspx?ID=43 -> 200 (2xx)
  [44] https://localhost:58217/Default.aspx?ID=44 -> 200 (2xx)
  [45] https://localhost:58217/Default.aspx?ID=45 -> 200 (2xx)
  [46] https://localhost:58217/Default.aspx?ID=46 -> 200 (2xx)
  [47] https://localhost:58217/Default.aspx?ID=47 -> 200 (2xx)
  [48] https://localhost:58217/Default.aspx?ID=48 -> 200 (2xx)
  [49] https://localhost:58217/Default.aspx?ID=49 -> 200 (2xx)
  [50] https://localhost:58217/Default.aspx?ID=50 -> 200 (2xx)
  [51] https://localhost:58217/Default.aspx?ID=51 -> 200 (2xx)
  [52] https://localhost:58217/Default.aspx?ID=52 -> 200 (2xx)
  [53] https://localhost:58217/Default.aspx?ID=53 -> 200 (2xx)
  [54] https://localhost:58217/Default.aspx?ID=54 -> 200 (2xx)
  [55] https://localhost:58217/Default.aspx?ID=55 -> 200 (2xx)
  [60] https://localhost:58217/Default.aspx?ID=60 -> 200 (2xx)
  [61] https://localhost:58217/Default.aspx?ID=61 -> 200 (2xx)
  [62] https://localhost:58217/Default.aspx?ID=62 -> 200 (2xx)
  [63] https://localhost:58217/Default.aspx?ID=63 -> 200 (2xx)
  [64] https://localhost:58217/Default.aspx?ID=64 -> 200 (2xx)
  [65] https://localhost:58217/Default.aspx?ID=65 -> 200 (2xx)
  [66] https://localhost:58217/Default.aspx?ID=66 -> 200 (2xx)
  [67] https://localhost:58217/Default.aspx?ID=67 -> 200 (2xx)
  [68] https://localhost:58217/Default.aspx?ID=68 -> 200 (2xx)
  [69] https://localhost:58217/Default.aspx?ID=69 -> 200 (2xx)
  [70] https://localhost:58217/Default.aspx?ID=70 -> 200 (2xx)
  [71] https://localhost:58217/Default.aspx?ID=71 -> 200 (2xx)
  [72] https://localhost:58217/Default.aspx?ID=72 -> 200 (2xx)
  [73] https://localhost:58217/Default.aspx?ID=73 -> 200 (2xx)
  [74] https://localhost:58217/Default.aspx?ID=74 -> 200 (2xx)
  [75] https://localhost:58217/Default.aspx?ID=75 -> 200 (2xx)
  [76] https://localhost:58217/Default.aspx?ID=76 -> 200 (2xx)
  [77] https://localhost:58217/Default.aspx?ID=77 -> 200 (2xx)
  [78] https://localhost:58217/Default.aspx?ID=78 -> 200 (2xx)
  [79] https://localhost:58217/Default.aspx?ID=79 -> 200 (2xx)
  [80] https://localhost:58217/Default.aspx?ID=80 -> 200 (2xx)
  [81] https://localhost:58217/Default.aspx?ID=81 -> 200 (2xx)
  [82] https://localhost:58217/Default.aspx?ID=82 -> 200 (2xx)
  [83] https://localhost:58217/Default.aspx?ID=83 -> 200 (2xx)
  [84] https://localhost:58217/Default.aspx?ID=84 -> 200 (2xx)
  [98] https://localhost:58217/Default.aspx?ID=98 -> 200 (2xx)
  [101] https://localhost:58217/Default.aspx?ID=101 -> 200 (2xx)
  [102] https://localhost:58217/Default.aspx?ID=102 -> 200 (2xx)
  [103] https://localhost:58217/Default.aspx?ID=103 -> 200 (2xx)
  [108] https://localhost:58217/Default.aspx?ID=108 -> 200 (2xx)
  [109] https://localhost:58217/Default.aspx?ID=109 -> 200 (2xx)
  [112] https://localhost:58217/Default.aspx?ID=112 -> 200 (2xx)
  [113] https://localhost:58217/Default.aspx?ID=113 -> 200 (2xx)
  [114] https://localhost:58217/Default.aspx?ID=114 -> 200 (2xx)
  [115] https://localhost:58217/Default.aspx?ID=115 -> 200 (2xx)
  [117] https://localhost:58217/Default.aspx?ID=117 -> 200 (2xx)
  [118] https://localhost:58217/Default.aspx?ID=118 -> 200 (2xx)
  [119] https://localhost:58217/Default.aspx?ID=119 -> 200 (2xx)
  [120] https://localhost:58217/Default.aspx?ID=120 -> 200 (2xx)
  [122] https://localhost:58217/Default.aspx?ID=122 -> 200 (2xx)

=== Summary ===
2xx:              88
3xx:              0
4xx:              0
5xx:              0
Transport errors: 0
